Start testing: May 06 14:54 UTC
----------------------------------------------------------
1/6 Testing: bubblesort
1/6 Test: bubblesort
Command: "/home/pcsdocker/Data/PCS-26/esercitazione5/build/test_bubblesort"
Directory: /home/pcsdocker/Data/PCS-26/esercitazione5/build
"bubblesort" start time: May 06 14:54 UTC
Output:
----------------------------------------------------------
<end of output>
Test time =   0.21 sec
----------------------------------------------------------
Test Passed.
"bubblesort" end time: May 06 14:54 UTC
"bubblesort" time elapsed: 00:00:00
----------------------------------------------------------

2/6 Testing: inserctionsort
2/6 Test: inserctionsort
Command: "/home/pcsdocker/Data/PCS-26/esercitazione5/build/test_inserctionsort"
Directory: /home/pcsdocker/Data/PCS-26/esercitazione5/build
"inserctionsort" start time: May 06 14:54 UTC
Output:
----------------------------------------------------------
<end of output>
Test time =   0.07 sec
----------------------------------------------------------
Test Passed.
"inserctionsort" end time: May 06 14:54 UTC
"inserctionsort" time elapsed: 00:00:00
----------------------------------------------------------

3/6 Testing: selectionsort
3/6 Test: selectionsort
Command: "/home/pcsdocker/Data/PCS-26/esercitazione5/build/test_selectionsort"
Directory: /home/pcsdocker/Data/PCS-26/esercitazione5/build
"selectionsort" start time: May 06 14:54 UTC
Output:
----------------------------------------------------------
<end of output>
Test time =   0.13 sec
----------------------------------------------------------
Test Passed.
"selectionsort" end time: May 06 14:54 UTC
"selectionsort" time elapsed: 00:00:00
----------------------------------------------------------

4/6 Testing: quicksort
4/6 Test: quicksort
Command: "/home/pcsdocker/Data/PCS-26/esercitazione5/build/test_quicksort"
Directory: /home/pcsdocker/Data/PCS-26/esercitazione5/build
"quicksort" start time: May 06 14:54 UTC
Output:
----------------------------------------------------------
<end of output>
Test time =   0.07 sec
----------------------------------------------------------
Test Passed.
"quicksort" end time: May 06 14:54 UTC
"quicksort" time elapsed: 00:00:00
----------------------------------------------------------

5/6 Testing: mergesort
5/6 Test: mergesort
Command: "/home/pcsdocker/Data/PCS-26/esercitazione5/build/test_mergesort"
Directory: /home/pcsdocker/Data/PCS-26/esercitazione5/build
"mergesort" start time: May 06 14:54 UTC
Output:
----------------------------------------------------------
<end of output>
Test time =   0.17 sec
----------------------------------------------------------
Test Passed.
"mergesort" end time: May 06 14:54 UTC
"mergesort" time elapsed: 00:00:00
----------------------------------------------------------

6/6 Testing: mixsort
6/6 Test: mixsort
Command: "/home/pcsdocker/Data/PCS-26/esercitazione5/build/test_mixsort"
Directory: /home/pcsdocker/Data/PCS-26/esercitazione5/build
"mixsort" start time: May 06 14:54 UTC
Output:
----------------------------------------------------------
<end of output>
Test time =   0.07 sec
----------------------------------------------------------
Test Passed.
"mixsort" end time: May 06 14:54 UTC
"mixsort" time elapsed: 00:00:00
----------------------------------------------------------

End testing: May 06 14:54 UTC
