Start testing: Apr 15 10:47 UTC
----------------------------------------------------------
1/3 Testing: bubblesort
1/3 Test: bubblesort
Command: "/home/pcsdocker/Data/PCS-26/esercitazione4/build/test_bubblesort"
Directory: /home/pcsdocker/Data/PCS-26/esercitazione4/build
"bubblesort" start time: Apr 15 10:47 UTC
Output:
----------------------------------------------------------
<end of output>
Test time =   0.01 sec
----------------------------------------------------------
Test Passed.
"bubblesort" end time: Apr 15 10:47 UTC
"bubblesort" time elapsed: 00:00:00
----------------------------------------------------------

2/3 Testing: inserctionsort
2/3 Test: inserctionsort
Command: "/home/pcsdocker/Data/PCS-26/esercitazione4/build/test_inserctionsort"
Directory: /home/pcsdocker/Data/PCS-26/esercitazione4/build
"inserctionsort" start time: Apr 15 10:47 UTC
Output:
----------------------------------------------------------
<end of output>
Test time =   0.01 sec
----------------------------------------------------------
Test Passed.
"inserctionsort" end time: Apr 15 10:47 UTC
"inserctionsort" time elapsed: 00:00:00
----------------------------------------------------------

3/3 Testing: selectionsort
3/3 Test: selectionsort
Command: "/home/pcsdocker/Data/PCS-26/esercitazione4/build/test_selectionsort"
Directory: /home/pcsdocker/Data/PCS-26/esercitazione4/build
"selectionsort" start time: Apr 15 10:47 UTC
Output:
----------------------------------------------------------
<end of output>
Test time =   0.01 sec
----------------------------------------------------------
Test Passed.
"selectionsort" end time: Apr 15 10:47 UTC
"selectionsort" time elapsed: 00:00:00
----------------------------------------------------------

End testing: Apr 15 10:47 UTC
